AuraNotesNative/app/build/intermediates/manifest_merge_blame_file/debug/processDebugMainManifest/manifest-merger-blame-debug-report.txt
1<?xml version="1.0" encoding="utf-8"?>
2<manifest xmlns:android="http://schemas.android.com/apk/res/android"
3    package="com.auranotes.nativeapp"
4    android:versionCode="1"
5    android:versionName="1.0" >
6
7    <uses-sdk
8        android:minSdkVersion="26"
9        android:targetSdkVersion="34" />
10
11    <uses-permission android:name="android.permission.RECORD_AUDIO" />
11-->src/main/AndroidManifest.xml:4:5-71
11-->src/main/AndroidManifest.xml:4:22-68
12    <uses-permission android:name="android.permission.VIBRATE" />
12-->src/main/AndroidManifest.xml:5:5-66
12-->src/main/AndroidManifest.xml:5:22-63
13    <uses-permission android:name="android.permission.WAKE_LOCK" />
13-->[androidx.work:work-runtime:2.7.1] AndroidManifest.xml:25:5-68
13-->[androidx.work:work-runtime:2.7.1] AndroidManifest.xml:25:22-65
14    <uses-permission android:name="android.permission.ACCESS_NETWORK_STATE" />
14-->[androidx.work:work-runtime:2.7.1] AndroidManifest.xml:26:5-79
14-->[androidx.work:work-runtime:2.7.1] AndroidManifest.xml:26:22-76
15    <uses-permission android:name="android.permission.RECEIVE_BOOT_COMPLETED" />
15-->[androidx.work:work-runtime:2.7.1] AndroidManifest.xml:27:5-81
15-->[androidx.work:work-runtime:2.7.1] AndroidManifest.xml:27:22-78
16    <uses-permission android:name="android.permission.FOREGROUND_SERVICE" />
16-->[androidx.work:work-runtime:2.7.1] AndroidManifest.xml:28:5-77
16-->[androidx.work:work-runtime:2.7.1] AndroidManifest.xml:28:22-74
17
18    <permission
18-->[androidx.core:core:1.15.0] AndroidManifest.xml:22:5-24:47
19        android:name="com.auranotes.nativeapp.DYNAMIC_RECEIVER_NOT_EXPORTED_PERMISSION"
19-->[androidx.core:core:1.15.0] AndroidManifest.xml:23:9-81
20        android:protectionLevel="signature" />
20-->[androidx.core:core:1.15.0] AndroidManifest.xml:24:9-44
21
22    <uses-permission android:name="com.auranotes.nativeapp.DYNAMIC_RECEIVER_NOT_EXPORTED_PERMISSION" />
22-->[androidx.core:core:1.15.0] AndroidManifest.xml:26:5-97
22-->[androidx.core:core:1.15.0] AndroidManifest.xml:26:22-94
23
24    <application
24-->src/main/AndroidManifest.xml:7:5-51:19
25        android:name="com.auranotes.nativeapp.AuraNotesApplication"
25-->src/main/AndroidManifest.xml:8:9-45
26        android:allowBackup="true"
26-->src/main/AndroidManifest.xml:9:9-35
27        android:appComponentFactory="androidx.core.app.CoreComponentFactory"
27-->[androidx.core:core:1.15.0] AndroidManifest.xml:28:18-86
28        android:dataExtractionRules="@xml/data_extraction_rules"
28-->src/main/AndroidManifest.xml:10:9-65
29        android:debuggable="true"
30        android:extractNativeLibs="false"
31        android:fullBackupContent="@xml/backup_rules"
31-->src/main/AndroidManifest.xml:11:9-54
32        android:icon="@mipmap/ic_launcher"
32-->src/main/AndroidManifest.xml:12:9-43
33        android:label="@string/app_name"
33-->src/main/AndroidManifest.xml:13:9-41
34        android:roundIcon="@mipmap/ic_launcher_round"
34-->src/main/AndroidManifest.xml:14:9-54
35        android:supportsRtl="true"
35-->src/main/AndroidManifest.xml:15:9-35
36        android:testOnly="true"
37        android:theme="@style/Theme.AuraNotesNative" >
37-->src/main/AndroidManifest.xml:16:9-53
38        <activity
38-->src/main/AndroidManifest.xml:17:9-25:20
39            android:name="com.auranotes.nativeapp.MainActivity"
39-->src/main/AndroidManifest.xml:18:13-41
40            android:exported="true"
40-->src/main/AndroidManifest.xml:19:13-36
41            android:theme="@style/Theme.AuraNotesNative" >
41-->src/main/AndroidManifest.xml:20:13-57
42            <intent-filter>
42-->src/main/AndroidManifest.xml:21:13-24:29
43                <action android:name="android.intent.action.MAIN" />
43-->src/main/AndroidManifest.xml:22:17-69
43-->src/main/AndroidManifest.xml:22:25-66
44
45                <category android:name="android.intent.category.LAUNCHER" />
45-->src/main/AndroidManifest.xml:23:17-77
45-->src/main/AndroidManifest.xml:23:27-74
46            </intent-filter>
47        </activity>
48
49        <service
49-->src/main/AndroidManifest.xml:27:9-39:19
50            android:name="com.auranotes.nativeapp.service.QuickCaptureTileService"
50-->src/main/AndroidManifest.xml:28:13-60
51            android:exported="true"
51-->src/main/AndroidManifest.xml:29:13-36
52            android:icon="@mipmap/ic_launcher"
52-->src/main/AndroidManifest.xml:30:13-47
53            android:label="Quick Capture"
53-->src/main/AndroidManifest.xml:31:13-42
54            android:permission="android.permission.BIND_QUICK_SETTINGS_TILE" >
54-->src/main/AndroidManifest.xml:32:13-77
55            <intent-filter>
55-->src/main/AndroidManifest.xml:33:13-35:29
56                <action android:name="android.service.quicksettings.action.QS_TILE" />
56-->src/main/AndroidManifest.xml:34:17-87
56-->src/main/AndroidManifest.xml:34:25-84
57            </intent-filter>
58
59            <meta-data
59-->src/main/AndroidManifest.xml:36:13-38:40
60                android:name="android.service.quicksettings.ACTIVE_TILE"
60-->src/main/AndroidManifest.xml:37:17-73
61                android:value="true" />
61-->src/main/AndroidManifest.xml:38:17-37
62        </service>
63
64        <receiver
64-->src/main/AndroidManifest.xml:41:9-50:20
65            android:name="com.auranotes.nativeapp.widget.CaptureWidgetReceiver"
65-->src/main/AndroidManifest.xml:42:13-57
66            android:exported="true" >
66-->src/main/AndroidManifest.xml:43:13-36
67            <intent-filter>
67-->src/main/AndroidManifest.xml:44:13-46:29
68                <action android:name="android.appwidget.action.APPWIDGET_UPDATE" />
68-->src/main/AndroidManifest.xml:45:17-84
68-->src/main/AndroidManifest.xml:45:25-81
69            </intent-filter>
70
71            <meta-data
71-->src/main/AndroidManifest.xml:47:13-49:63
72                android:name="android.appwidget.provider"
72-->src/main/AndroidManifest.xml:48:17-58
73                android:resource="@xml/capture_widget_info" />
73-->src/main/AndroidManifest.xml:49:17-60
74        </receiver>
75
76        <activity
76-->[androidx.glance:glance-appwidget:1.1.1] AndroidManifest.xml:23:9-28:62
77            android:name="androidx.glance.appwidget.action.ActionTrampolineActivity"
77-->[androidx.glance:glance-appwidget:1.1.1] AndroidManifest.xml:24:13-85
78            android:enabled="true"
78-->[androidx.glance:glance-appwidget:1.1.1] AndroidManifest.xml:25:13-35
79            android:excludeFromRecents="true"
79-->[androidx.glance:glance-appwidget:1.1.1] AndroidManifest.xml:26:13-46
80            android:exported="false"
80-->[androidx.glance:glance-appwidget:1.1.1] AndroidManifest.xml:27:13-37
81            android:theme="@android:style/Theme.NoDisplay" />
81-->[androidx.glance:glance-appwidget:1.1.1] AndroidManifest.xml:28:13-59
82        <activity
82-->[androidx.glance:glance-appwidget:1.1.1] AndroidManifest.xml:29:9-36:81
83            android:name="androidx.glance.appwidget.action.InvisibleActionTrampolineActivity"
83-->[androidx.glance:glance-appwidget:1.1.1] AndroidManifest.xml:30:13-94
84            android:enabled="true"
84-->[androidx.glance:glance-appwidget:1.1.1] AndroidManifest.xml:31:13-35
85            android:exported="false"
85-->[androidx.glance:glance-appwidget:1.1.1] AndroidManifest.xml:32:13-37
86            android:launchMode="singleInstance"
86-->[androidx.glance:glance-appwidget:1.1.1] AndroidManifest.xml:33:13-48
87            android:noHistory="true"
87-->[androidx.glance:glance-appwidget:1.1.1] AndroidManifest.xml:34:13-37
88            android:taskAffinity="androidx.glance.appwidget.ListAdapterCallbackTrampoline"
88-->[androidx.glance:glance-appwidget:1.1.1] AndroidManifest.xml:35:13-91
89            android:theme="@style/Widget.Glance.AppWidget.CallbackTrampoline" />
89-->[androidx.glance:glance-appwidget:1.1.1] AndroidManifest.xml:36:13-78
90
91        <receiver
91-->[androidx.glance:glance-appwidget:1.1.1] AndroidManifest.xml:38:9-41:40
92            android:name="androidx.glance.appwidget.action.ActionCallbackBroadcastReceiver"
92-->[androidx.glance:glance-appwidget:1.1.1] AndroidManifest.xml:39:13-92
93            android:enabled="true"
93-->[androidx.glance:glance-appwidget:1.1.1] AndroidManifest.xml:40:13-35
94            android:exported="false" />
94-->[androidx.glance:glance-appwidget:1.1.1] AndroidManifest.xml:41:13-37
95        <receiver
95-->[androidx.glance:glance-appwidget:1.1.1] AndroidManifest.xml:42:9-45:40
96            android:name="androidx.glance.appwidget.UnmanagedSessionReceiver"
96-->[androidx.glance:glance-appwidget:1.1.1] AndroidManifest.xml:43:13-78
97            android:enabled="true"
97-->[androidx.glance:glance-appwidget:1.1.1] AndroidManifest.xml:44:13-35
98            android:exported="false" />
98-->[androidx.glance:glance-appwidget:1.1.1] AndroidManifest.xml:45:13-37
99        <receiver
99-->[androidx.glance:glance-appwidget:1.1.1] AndroidManifest.xml:46:9-53:20
100            android:name="androidx.glance.appwidget.MyPackageReplacedReceiver"
100-->[androidx.glance:glance-appwidget:1.1.1] AndroidManifest.xml:47:13-79
101            android:enabled="true"
101-->[androidx.glance:glance-appwidget:1.1.1] AndroidManifest.xml:48:13-35
102            android:exported="false" >
102-->[androidx.glance:glance-appwidget:1.1.1] AndroidManifest.xml:49:13-37
103            <intent-filter>
103-->[androidx.glance:glance-appwidget:1.1.1] AndroidManifest.xml:50:13-52:29
104                <action android:name="android.intent.action.MY_PACKAGE_REPLACED" />
104-->[androidx.glance:glance-appwidget:1.1.1] AndroidManifest.xml:51:17-84
104-->[androidx.glance:glance-appwidget:1.1.1] AndroidManifest.xml:51:25-81
105            </intent-filter>
106        </receiver>
107
108        <service
108-->[androidx.glance:glance-appwidget:1.1.1] AndroidManifest.xml:55:9-58:72
109            android:name="androidx.glance.appwidget.GlanceRemoteViewsService"
109-->[androidx.glance:glance-appwidget:1.1.1] AndroidManifest.xml:56:13-78
110            android:exported="true"
110-->[androidx.glance:glance-appwidget:1.1.1] AndroidManifest.xml:57:13-36
111            android:permission="android.permission.BIND_REMOTEVIEWS" />
111-->[androidx.glance:glance-appwidget:1.1.1] AndroidManifest.xml:58:13-69
112        <service
112-->[androidx.core:core-remoteviews:1.1.0] AndroidManifest.xml:24:9-27:63
113            android:name="androidx.core.widget.RemoteViewsCompatService"
113-->[androidx.core:core-remoteviews:1.1.0] AndroidManifest.xml:25:13-73
114            android:permission="android.permission.BIND_REMOTEVIEWS" />
114-->[androidx.core:core-remoteviews:1.1.0] AndroidManifest.xml:26:13-69
115
116        <provider
116-->[androidx.work:work-runtime:2.7.1] AndroidManifest.xml:31:9-39:20
117            android:name="androidx.startup.InitializationProvider"
117-->[androidx.work:work-runtime:2.7.1] AndroidManifest.xml:32:13-67
118            android:authorities="com.auranotes.nativeapp.androidx-startup"
118-->[androidx.work:work-runtime:2.7.1] AndroidManifest.xml:33:13-68
119            android:exported="false" >
119-->[androidx.work:work-runtime:2.7.1] AndroidManifest.xml:34:13-37
120            <meta-data
120-->[androidx.work:work-runtime:2.7.1] AndroidManifest.xml:36:13-38:52
121                android:name="androidx.work.WorkManagerInitializer"
121-->[androidx.work:work-runtime:2.7.1] AndroidManifest.xml:37:17-68
122                android:value="androidx.startup" />
122-->[androidx.work:work-runtime:2.7.1] AndroidManifest.xml:38:17-49
123            <meta-data
123-->[androidx.emoji2:emoji2:1.3.0] AndroidManifest.xml:29:13-31:52
124                android:name="androidx.emoji2.text.EmojiCompatInitializer"
124-->[androidx.emoji2:emoji2:1.3.0] AndroidManifest.xml:30:17-75
125                android:value="androidx.startup" />
125-->[androidx.emoji2:emoji2:1.3.0] AndroidManifest.xml:31:17-49
126            <meta-data
126-->[androidx.lifecycle:lifecycle-process:2.8.7] AndroidManifest.xml:29:13-31:52
127                android:name="androidx.lifecycle.ProcessLifecycleInitializer"
127-->[androidx.lifecycle:lifecycle-process:2.8.7] AndroidManifest.xml:30:17-78
128                android:value="androidx.startup" />
128-->[androidx.lifecycle:lifecycle-process:2.8.7] AndroidManifest.xml:31:17-49
129            <meta-data
129-->[androidx.profileinstaller:profileinstaller:1.3.1] AndroidManifest.xml:29:13-31:52
130                android:name="androidx.profileinstaller.ProfileInstallerInitializer"
130-->[androidx.profileinstaller:profileinstaller:1.3.1] AndroidManifest.xml:30:17-85
131                android:value="androidx.startup" />
131-->[androidx.profileinstaller:profileinstaller:1.3.1] AndroidManifest.xml:31:17-49
132        </provider>
133
134        <service
134-->[androidx.work:work-runtime:2.7.1] AndroidManifest.xml:41:9-46:35
135            android:name="androidx.work.impl.background.systemalarm.SystemAlarmService"
135-->[androidx.work:work-runtime:2.7.1] AndroidManifest.xml:42:13-88
136            android:directBootAware="false"
136-->[androidx.work:work-runtime:2.7.1] AndroidManifest.xml:43:13-44
137            android:enabled="@bool/enable_system_alarm_service_default"
137-->[androidx.work:work-runtime:2.7.1] AndroidManifest.xml:44:13-72
138            android:exported="false" />
138-->[androidx.work:work-runtime:2.7.1] AndroidManifest.xml:45:13-37
139        <service
139-->[androidx.work:work-runtime:2.7.1] AndroidManifest.xml:47:9-53:35
140            android:name="androidx.work.impl.background.systemjob.SystemJobService"
140-->[androidx.work:work-runtime:2.7.1] AndroidManifest.xml:48:13-84
141            android:directBootAware="false"
141-->[androidx.work:work-runtime:2.7.1] AndroidManifest.xml:49:13-44
142            android:enabled="@bool/enable_system_job_service_default"
142-->[androidx.work:work-runtime:2.7.1] AndroidManifest.xml:50:13-70
143            android:exported="true"
143-->[androidx.work:work-runtime:2.7.1] AndroidManifest.xml:51:13-36
144            android:permission="android.permission.BIND_JOB_SERVICE" />
144-->[androidx.work:work-runtime:2.7.1] AndroidManifest.xml:52:13-69
145        <service
145-->[androidx.work:work-runtime:2.7.1] AndroidManifest.xml:54:9-59:35
146            android:name="androidx.work.impl.foreground.SystemForegroundService"
146-->[androidx.work:work-runtime:2.7.1] AndroidManifest.xml:55:13-81
147            android:directBootAware="false"
147-->[androidx.work:work-runtime:2.7.1] AndroidManifest.xml:56:13-44
148            android:enabled="@bool/enable_system_foreground_service_default"
148-->[androidx.work:work-runtime:2.7.1] AndroidManifest.xml:57:13-77
149            android:exported="false" />
149-->[androidx.work:work-runtime:2.7.1] AndroidManifest.xml:58:13-37
150
151        <receiver
151-->[androidx.work:work-runtime:2.7.1] AndroidManifest.xml:61:9-66:35
152            android:name="androidx.work.impl.utils.ForceStopRunnable$BroadcastReceiver"
152-->[androidx.work:work-runtime:2.7.1] AndroidManifest.xml:62:13-88
153            android:directBootAware="false"
153-->[androidx.work:work-runtime:2.7.1] AndroidManifest.xml:63:13-44
154            android:enabled="true"
154-->[androidx.work:work-runtime:2.7.1] AndroidManifest.xml:64:13-35
155            android:exported="false" />
155-->[androidx.work:work-runtime:2.7.1] AndroidManifest.xml:65:13-37
156        <receiver
156-->[androidx.work:work-runtime:2.7.1] AndroidManifest.xml:67:9-77:20
157            android:name="androidx.work.impl.background.systemalarm.ConstraintProxy$BatteryChargingProxy"
157-->[androidx.work:work-runtime:2.7.1] AndroidManifest.xml:68:13-106
158            android:directBootAware="false"
158-->[androidx.work:work-runtime:2.7.1] AndroidManifest.xml:69:13-44
159            android:enabled="false"
159-->[androidx.work:work-runtime:2.7.1] AndroidManifest.xml:70:13-36
160            android:exported="false" >
160-->[androidx.work:work-runtime:2.7.1] AndroidManifest.xml:71:13-37
161            <intent-filter>
161-->[androidx.work:work-runtime:2.7.1] AndroidManifest.xml:73:13-76:29
162                <action android:name="android.intent.action.ACTION_POWER_CONNECTED" />
162-->[androidx.work:work-runtime:2.7.1] AndroidManifest.xml:74:17-87
162-->[androidx.work:work-runtime:2.7.1] AndroidManifest.xml:74:25-84
163                <action android:name="android.intent.action.ACTION_POWER_DISCONNECTED" />
163-->[androidx.work:work-runtime:2.7.1] AndroidManifest.xml:75:17-90
163-->[androidx.work:work-runtime:2.7.1] AndroidManifest.xml:75:25-87
164            </intent-filter>
165        </receiver>
166        <receiver
166-->[androidx.work:work-runtime:2.7.1] AndroidManifest.xml:78:9-88:20
167            android:name="androidx.work.impl.background.systemalarm.ConstraintProxy$BatteryNotLowProxy"
167-->[androidx.work:work-runtime:2.7.1] AndroidManifest.xml:79:13-104
168            android:directBootAware="false"
168-->[androidx.work:work-runtime:2.7.1] AndroidManifest.xml:80:13-44
169            android:enabled="false"
169-->[androidx.work:work-runtime:2.7.1] AndroidManifest.xml:81:13-36
170            android:exported="false" >
170-->[androidx.work:work-runtime:2.7.1] AndroidManifest.xml:82:13-37
171            <intent-filter>
171-->[androidx.work:work-runtime:2.7.1] AndroidManifest.xml:84:13-87:29
172                <action android:name="android.intent.action.BATTERY_OKAY" />
172-->[androidx.work:work-runtime:2.7.1] AndroidManifest.xml:85:17-77
172-->[androidx.work:work-runtime:2.7.1] AndroidManifest.xml:85:25-74
173                <action android:name="android.intent.action.BATTERY_LOW" />
173-->[androidx.work:work-runtime:2.7.1] AndroidManifest.xml:86:17-76
173-->[androidx.work:work-runtime:2.7.1] AndroidManifest.xml:86:25-73
174            </intent-filter>
175        </receiver>
176        <receiver
176-->[androidx.work:work-runtime:2.7.1] AndroidManifest.xml:89:9-99:20
177            android:name="androidx.work.impl.background.systemalarm.ConstraintProxy$StorageNotLowProxy"
177-->[androidx.work:work-runtime:2.7.1] AndroidManifest.xml:90:13-104
178            android:directBootAware="false"
178-->[androidx.work:work-runtime:2.7.1] AndroidManifest.xml:91:13-44
179            android:enabled="false"
179-->[androidx.work:work-runtime:2.7.1] AndroidManifest.xml:92:13-36
180            android:exported="false" >
180-->[androidx.work:work-runtime:2.7.1] AndroidManifest.xml:93:13-37
181            <intent-filter>
181-->[androidx.work:work-runtime:2.7.1] AndroidManifest.xml:95:13-98:29
182                <action android:name="android.intent.action.DEVICE_STORAGE_LOW" />
182-->[androidx.work:work-runtime:2.7.1] AndroidManifest.xml:96:17-83
182-->[androidx.work:work-runtime:2.7.1] AndroidManifest.xml:96:25-80
183                <action android:name="android.intent.action.DEVICE_STORAGE_OK" />
183-->[androidx.work:work-runtime:2.7.1] AndroidManifest.xml:97:17-82
183-->[androidx.work:work-runtime:2.7.1] AndroidManifest.xml:97:25-79
184            </intent-filter>
185        </receiver>
186        <receiver
186-->[androidx.work:work-runtime:2.7.1] AndroidManifest.xml:100:9-109:20
187            android:name="androidx.work.impl.background.systemalarm.ConstraintProxy$NetworkStateProxy"
187-->[androidx.work:work-runtime:2.7.1] AndroidManifest.xml:101:13-103
188            android:directBootAware="false"
188-->[androidx.work:work-runtime:2.7.1] AndroidManifest.xml:102:13-44
189            android:enabled="false"
189-->[androidx.work:work-runtime:2.7.1] AndroidManifest.xml:103:13-36
190            android:exported="false" >
190-->[androidx.work:work-runtime:2.7.1] AndroidManifest.xml:104:13-37
191            <intent-filter>
191-->[androidx.work:work-runtime:2.7.1] AndroidManifest.xml:106:13-108:29
192                <action android:name="android.net.conn.CONNECTIVITY_CHANGE" />
192-->[androidx.work:work-runtime:2.7.1] AndroidManifest.xml:107:17-79
192-->[androidx.work:work-runtime:2.7.1] AndroidManifest.xml:107:25-76
193            </intent-filter>
194        </receiver>
195        <receiver
195-->[androidx.work:work-runtime:2.7.1] AndroidManifest.xml:110:9-121:20
196            android:name="androidx.work.impl.background.systemalarm.RescheduleReceiver"
196-->[androidx.work:work-runtime:2.7.1] AndroidManifest.xml:111:13-88
197            android:directBootAware="false"
197-->[androidx.work:work-runtime:2.7.1] AndroidManifest.xml:112:13-44
198            android:enabled="false"
198-->[androidx.work:work-runtime:2.7.1] AndroidManifest.xml:113:13-36
199            android:exported="false" >
199-->[androidx.work:work-runtime:2.7.1] AndroidManifest.xml:114:13-37
200            <intent-filter>
200-->[androidx.work:work-runtime:2.7.1] AndroidManifest.xml:116:13-120:29
201                <action android:name="android.intent.action.BOOT_COMPLETED" />
201-->[androidx.work:work-runtime:2.7.1] AndroidManifest.xml:117:17-79
201-->[androidx.work:work-runtime:2.7.1] AndroidManifest.xml:117:25-76
202                <action android:name="android.intent.action.TIME_SET" />
202-->[androidx.work:work-runtime:2.7.1] AndroidManifest.xml:118:17-73
202-->[androidx.work:work-runtime:2.7.1] AndroidManifest.xml:118:25-70
203                <action android:name="android.intent.action.TIMEZONE_CHANGED" />
203-->[androidx.work:work-runtime:2.7.1] AndroidManifest.xml:119:17-81
203-->[androidx.work:work-runtime:2.7.1] AndroidManifest.xml:119:25-78
204            </intent-filter>
205        </receiver>
206        <receiver
206-->[androidx.work:work-runtime:2.7.1] AndroidManifest.xml:122:9-131:20
207            android:name="androidx.work.impl.background.systemalarm.ConstraintProxyUpdateReceiver"
207-->[androidx.work:work-runtime:2.7.1] AndroidManifest.xml:123:13-99
208            android:directBootAware="false"
208-->[androidx.work:work-runtime:2.7.1] AndroidManifest.xml:124:13-44
209            android:enabled="@bool/enable_system_alarm_service_default"
209-->[androidx.work:work-runtime:2.7.1] AndroidManifest.xml:125:13-72
210            android:exported="false" >
210-->[androidx.work:work-runtime:2.7.1] AndroidManifest.xml:126:13-37
211            <intent-filter>
211-->[androidx.work:work-runtime:2.7.1] AndroidManifest.xml:128:13-130:29
212                <action android:name="androidx.work.impl.background.systemalarm.UpdateProxies" />
212-->[androidx.work:work-runtime:2.7.1] AndroidManifest.xml:129:17-98
212-->[androidx.work:work-runtime:2.7.1] AndroidManifest.xml:129:25-95
213            </intent-filter>
214        </receiver>
215        <receiver
215-->[androidx.work:work-runtime:2.7.1] AndroidManifest.xml:132:9-142:20
216            android:name="androidx.work.impl.diagnostics.DiagnosticsReceiver"
216-->[androidx.work:work-runtime:2.7.1] AndroidManifest.xml:133:13-78
217            android:directBootAware="false"
217-->[androidx.work:work-runtime:2.7.1] AndroidManifest.xml:134:13-44
218            android:enabled="true"
218-->[androidx.work:work-runtime:2.7.1] AndroidManifest.xml:135:13-35
219            android:exported="true"
219-->[androidx.work:work-runtime:2.7.1] AndroidManifest.xml:136:13-36
220            android:permission="android.permission.DUMP" >
220-->[androidx.work:work-runtime:2.7.1] AndroidManifest.xml:137:13-57
221            <intent-filter>
221-->[androidx.work:work-runtime:2.7.1] AndroidManifest.xml:139:13-141:29
222                <action android:name="androidx.work.diagnostics.REQUEST_DIAGNOSTICS" />
222-->[androidx.work:work-runtime:2.7.1] AndroidManifest.xml:140:17-88
222-->[androidx.work:work-runtime:2.7.1] AndroidManifest.xml:140:25-85
223            </intent-filter>
224        </receiver>
225
226        <activity
226-->[androidx.compose.ui:ui-test-manifest:1.7.5] AndroidManifest.xml:23:9-25:39
227            android:name="androidx.activity.ComponentActivity"
227-->[androidx.compose.ui:ui-test-manifest:1.7.5] AndroidManifest.xml:24:13-63
228            android:exported="true" />
228-->[androidx.compose.ui:ui-test-manifest:1.7.5] AndroidManifest.xml:25:13-36
229        <activity
229-->[androidx.compose.ui:ui-tooling-android:1.7.5] AndroidManifest.xml:23:9-25:39
230            android:name="androidx.compose.ui.tooling.PreviewActivity"
230-->[androidx.compose.ui:ui-tooling-android:1.7.5] AndroidManifest.xml:24:13-71
231            android:exported="true" />
231-->[androidx.compose.ui:ui-tooling-android:1.7.5] AndroidManifest.xml:25:13-36
232
233        <service
233-->[androidx.room:room-runtime:2.6.1] AndroidManifest.xml:24:9-28:63
234            android:name="androidx.room.MultiInstanceInvalidationService"
234-->[androidx.room:room-runtime:2.6.1] AndroidManifest.xml:25:13-74
235            android:directBootAware="true"
235-->[androidx.room:room-runtime:2.6.1] AndroidManifest.xml:26:13-43
236            android:exported="false" />
236-->[androidx.room:room-runtime:2.6.1] AndroidManifest.xml:27:13-37
237
238        <receiver
238-->[androidx.profileinstaller:profileinstaller:1.3.1] AndroidManifest.xml:34:9-52:20
239            android:name="androidx.profileinstaller.ProfileInstallReceiver"
239-->[androidx.profileinstaller:profileinstaller:1.3.1] AndroidManifest.xml:35:13-76
240            android:directBootAware="false"
240-->[androidx.profileinstaller:profileinstaller:1.3.1] AndroidManifest.xml:36:13-44
241            android:enabled="true"
241-->[androidx.profileinstaller:profileinstaller:1.3.1] AndroidManifest.xml:37:13-35
242            android:exported="true"
242-->[androidx.profileinstaller:profileinstaller:1.3.1] AndroidManifest.xml:38:13-36
243            android:permission="android.permission.DUMP" >
243-->[androidx.profileinstaller:profileinstaller:1.3.1] AndroidManifest.xml:39:13-57
244            <intent-filter>
244-->[androidx.profileinstaller:profileinstaller:1.3.1] AndroidManifest.xml:40:13-42:29
245                <action android:name="androidx.profileinstaller.action.INSTALL_PROFILE" />
245-->[androidx.profileinstaller:profileinstaller:1.3.1] AndroidManifest.xml:41:17-91
245-->[androidx.profileinstaller:profileinstaller:1.3.1] AndroidManifest.xml:41:25-88
246            </intent-filter>
247            <intent-filter>
247-->[androidx.profileinstaller:profileinstaller:1.3.1] AndroidManifest.xml:43:13-45:29
248                <action android:name="androidx.profileinstaller.action.SKIP_FILE" />
248-->[androidx.profileinstaller:profileinstaller:1.3.1] AndroidManifest.xml:44:17-85
248-->[androidx.profileinstaller:profileinstaller:1.3.1] AndroidManifest.xml:44:25-82
249            </intent-filter>
250            <intent-filter>
250-->[androidx.profileinstaller:profileinstaller:1.3.1] AndroidManifest.xml:46:13-48:29
251                <action android:name="androidx.profileinstaller.action.SAVE_PROFILE" />
251-->[androidx.profileinstaller:profileinstaller:1.3.1] AndroidManifest.xml:47:17-88
251-->[androidx.profileinstaller:profileinstaller:1.3.1] AndroidManifest.xml:47:25-85
252            </intent-filter>
253            <intent-filter>
253-->[androidx.profileinstaller:profileinstaller:1.3.1] AndroidManifest.xml:49:13-51:29
254                <action android:name="androidx.profileinstaller.action.BENCHMARK_OPERATION" />
254-->[androidx.profileinstaller:profileinstaller:1.3.1] AndroidManifest.xml:50:17-95
254-->[androidx.profileinstaller:profileinstaller:1.3.1] AndroidManifest.xml:50:25-92
255            </intent-filter>
256        </receiver>
257    </application>
258
259</manifest>